2013-12-30 19:00:36,554 [main] INFO  com.bbytes.avis.Main (Main.java:25) - Starting Avis Server....
2013-12-30 19:02:29,977 [main] INFO  com.bbytes.avis.Main (Main.java:25) - Starting Avis Server....
2013-12-30 19:02:30,091 [main] DEBUG com.bbytes.avis.Main (Main.java:31) - property file loaded successfully
2013-12-30 19:02:32,858 [main] ERROR com.bbytes.avis.Main (Main.java:49) - Could not load properties; nested exception is java.io.FileNotFoundException: class path resource [server.properties] cannot be opened because it does not exist
org.springframework.beans.factory.BeanInitializationException: Could not load properties; nested exception is java.io.FileNotFoundException: class path resource [server.properties] cannot be opened because it does not exist
	at org.springframework.beans.factory.config.PropertyResourceConfigurer.postProcessBeanFactory(PropertyResourceConfigurer.java:87)
	at org.springframework.context.support.AbstractApplicationContext.invokeBeanFactoryPostProcessors(AbstractApplicationContext.java:694)
	at org.springframework.context.support.AbstractApplicationContext.invokeBeanFactoryPostProcessors(AbstractApplicationContext.java:669)
	at org.springframework.context.support.AbstractApplicationContext.refresh(AbstractApplicationContext.java:461)
	at com.bbytes.avis.Main.main(Main.java:32)
Caused by: java.io.FileNotFoundException: class path resource [server.properties] cannot be opened because it does not exist
	at org.springframework.core.io.ClassPathResource.getInputStream(ClassPathResource.java:157)
	at org.springframework.core.io.support.PropertiesLoaderSupport.loadProperties(PropertiesLoaderSupport.java:181)
	at org.springframework.core.io.support.PropertiesLoaderSupport.mergeProperties(PropertiesLoaderSupport.java:161)
	at org.springframework.beans.factory.config.PropertyResourceConfigurer.postProcessBeanFactory(PropertyResourceConfigurer.java:78)
	... 4 more
2013-12-30 19:02:51,248 [main] INFO  com.bbytes.avis.Main (Main.java:25) - Starting Avis Server....
2013-12-30 19:02:51,342 [main] DEBUG com.bbytes.avis.Main (Main.java:31) - property file loaded successfully
2013-12-30 19:02:53,590 [main] ERROR com.bbytes.avis.Main (Main.java:49) - Invalid bean definition with name 'mailNotifier' defined in class path resource [spring/app-context.xml]: Could not resolve placeholder 'queue.email' in string value "${queue.email}"
org.springframework.beans.factory.BeanDefinitionStoreException: Invalid bean definition with name 'mailNotifier' defined in class path resource [spring/app-context.xml]: Could not resolve placeholder 'queue.email' in string value "${queue.email}"
	at org.springframework.beans.factory.config.PlaceholderConfigurerSupport.doProcessProperties(PlaceholderConfigurerSupport.java:209)
	at org.springframework.beans.factory.config.PropertyPlaceholderConfigurer.processProperties(PropertyPlaceholderConfigurer.java:220)
	at org.springframework.beans.factory.config.PropertyResourceConfigurer.postProcessBeanFactory(PropertyResourceConfigurer.java:84)
	at org.springframework.context.support.AbstractApplicationContext.invokeBeanFactoryPostProcessors(AbstractApplicationContext.java:694)
	at org.springframework.context.support.AbstractApplicationContext.invokeBeanFactoryPostProcessors(AbstractApplicationContext.java:669)
	at org.springframework.context.support.AbstractApplicationContext.refresh(AbstractApplicationContext.java:461)
	at com.bbytes.avis.Main.main(Main.java:32)
2013-12-30 19:03:27,375 [main] INFO  com.bbytes.avis.Main (Main.java:25) - Starting Avis Server....
2013-12-30 19:03:27,465 [main] DEBUG com.bbytes.avis.Main (Main.java:31) - property file loaded successfully
2013-12-30 19:03:29,960 [main] ERROR com.bbytes.avis.Main (Main.java:49) - Error creating bean with name 'mailNotifier' defined in class path resource [spring/app-context.xml]: Initialization of bean failed; nested exception is java.lang.IllegalArgumentException: Only void-returning methods may be annotated with @Scheduled.
org.springframework.beans.factory.BeanCreationException: Error creating bean with name 'mailNotifier' defined in class path resource [spring/app-context.xml]: Initialization of bean failed; nested exception is java.lang.IllegalArgumentException: Only void-returning methods may be annotated with @Scheduled.
	at org.springframework.beans.factory.support.AbstractAutowireCapableBeanFactory.doCreateBean(AbstractAutowireCapableBeanFactory.java:527)
	at org.springframework.beans.factory.support.AbstractAutowireCapableBeanFactory.createBean(AbstractAutowireCapableBeanFactory.java:456)
	at org.springframework.beans.factory.support.AbstractBeanFactory$1.getObject(AbstractBeanFactory.java:294)
	at org.springframework.beans.factory.support.DefaultSingletonBeanRegistry.getSingleton(DefaultSingletonBeanRegistry.java:225)
	at org.springframework.beans.factory.support.AbstractBeanFactory.doGetBean(AbstractBeanFactory.java:291)
	at org.springframework.beans.factory.support.AbstractBeanFactory.getBean(AbstractBeanFactory.java:193)
	at org.springframework.beans.factory.support.DefaultListableBeanFactory.preInstantiateSingletons(DefaultListableBeanFactory.java:607)
	at org.springframework.context.support.AbstractApplicationContext.finishBeanFactoryInitialization(AbstractApplicationContext.java:932)
	at org.springframework.context.support.AbstractApplicationContext.refresh(AbstractApplicationContext.java:479)
	at com.bbytes.avis.Main.main(Main.java:32)
Caused by: java.lang.IllegalArgumentException: Only void-returning methods may be annotated with @Scheduled.
	at org.springframework.util.Assert.isTrue(Assert.java:65)
	at org.springframework.scheduling.annotation.ScheduledAnnotationBeanPostProcessor$1.doWith(ScheduledAnnotationBeanPostProcessor.java:114)
	at org.springframework.util.ReflectionUtils.doWithMethods(ReflectionUtils.java:473)
	at org.springframework.util.ReflectionUtils.doWithMethods(ReflectionUtils.java:481)
	at org.springframework.util.ReflectionUtils.doWithMethods(ReflectionUtils.java:451)
	at org.springframework.scheduling.annotation.ScheduledAnnotationBeanPostProcessor.postProcessAfterInitialization(ScheduledAnnotationBeanPostProcessor.java:110)
	at org.springframework.beans.factory.support.AbstractAutowireCapableBeanFactory.applyBeanPostProcessorsAfterInitialization(AbstractAutowireCapableBeanFactory.java:407)
	at org.springframework.beans.factory.support.AbstractAutowireCapableBeanFactory.initializeBean(AbstractAutowireCapableBeanFactory.java:1461)
	at org.springframework.beans.factory.support.AbstractAutowireCapableBeanFactory.doCreateBean(AbstractAutowireCapableBeanFactory.java:519)
	... 9 more
2013-12-30 19:03:58,824 [main] INFO  com.bbytes.avis.Main (Main.java:25) - Starting Avis Server....
2013-12-30 19:03:58,914 [main] DEBUG com.bbytes.avis.Main (Main.java:31) - property file loaded successfully
2013-12-30 19:04:01,484 [main] ERROR com.bbytes.avis.Main (Main.java:49) - Error creating bean with name 'jsonMessageConverter' defined in class path resource [spring/rabbitmq-context.xml]: Instantiation of bean failed; nested exception is org.springframework.beans.BeanInstantiationException: Could not instantiate bean class [org.springframework.amqp.support.converter.JsonMessageConverter]: Constructor threw exception; nested exception is java.lang.NoClassDefFoundError: org/codehaus/jackson/map/ObjectMapper
org.springframework.beans.factory.BeanCreationException: Error creating bean with name 'jsonMessageConverter' defined in class path resource [spring/rabbitmq-context.xml]: Instantiation of bean failed; nested exception is org.springframework.beans.BeanInstantiationException: Could not instantiate bean class [org.springframework.amqp.support.converter.JsonMessageConverter]: Constructor threw exception; nested exception is java.lang.NoClassDefFoundError: org/codehaus/jackson/map/ObjectMapper
	at org.springframework.beans.factory.support.AbstractAutowireCapableBeanFactory.instantiateBean(AbstractAutowireCapableBeanFactory.java:997)
	at org.springframework.beans.factory.support.AbstractAutowireCapableBeanFactory.createBeanInstance(AbstractAutowireCapableBeanFactory.java:943)
	at org.springframework.beans.factory.support.AbstractAutowireCapableBeanFactory.doCreateBean(AbstractAutowireCapableBeanFactory.java:485)
	at org.springframework.beans.factory.support.AbstractAutowireCapableBeanFactory.createBean(AbstractAutowireCapableBeanFactory.java:456)
	at org.springframework.beans.factory.support.AbstractBeanFactory$1.getObject(AbstractBeanFactory.java:294)
	at org.springframework.beans.factory.support.DefaultSingletonBeanRegistry.getSingleton(DefaultSingletonBeanRegistry.java:225)
	at org.springframework.beans.factory.support.AbstractBeanFactory.doGetBean(AbstractBeanFactory.java:291)
	at org.springframework.beans.factory.support.AbstractBeanFactory.getBean(AbstractBeanFactory.java:193)
	at org.springframework.beans.factory.support.DefaultListableBeanFactory.preInstantiateSingletons(DefaultListableBeanFactory.java:607)
	at org.springframework.context.support.AbstractApplicationContext.finishBeanFactoryInitialization(AbstractApplicationContext.java:932)
	at org.springframework.context.support.AbstractApplicationContext.refresh(AbstractApplicationContext.java:479)
	at com.bbytes.avis.Main.main(Main.java:32)
Caused by: org.springframework.beans.BeanInstantiationException: Could not instantiate bean class [org.springframework.amqp.support.converter.JsonMessageConverter]: Constructor threw exception; nested exception is java.lang.NoClassDefFoundError: org/codehaus/jackson/map/ObjectMapper
	at org.springframework.beans.BeanUtils.instantiateClass(BeanUtils.java:162)
	at org.springframework.beans.factory.support.SimpleInstantiationStrategy.instantiate(SimpleInstantiationStrategy.java:87)
	at org.springframework.beans.factory.support.AbstractAutowireCapableBeanFactory.instantiateBean(AbstractAutowireCapableBeanFactory.java:990)
	... 11 more
Caused by: java.lang.NoClassDefFoundError: org/codehaus/jackson/map/ObjectMapper
	at org.springframework.amqp.support.converter.JsonMessageConverter.<init>(JsonMessageConverter.java:39)
	at sun.reflect.NativeConstructorAccessorImpl.newInstance0(Native Method)
	at sun.reflect.NativeConstructorAccessorImpl.newInstance(NativeConstructorAccessorImpl.java:57)
	at sun.reflect.DelegatingConstructorAccessorImpl.newInstance(DelegatingConstructorAccessorImpl.java:45)
	at java.lang.reflect.Constructor.newInstance(Constructor.java:525)
	at org.springframework.beans.BeanUtils.instantiateClass(BeanUtils.java:147)
	... 13 more
Caused by: java.lang.ClassNotFoundException: org.codehaus.jackson.map.ObjectMapper
	at java.net.URLClassLoader$1.run(URLClassLoader.java:366)
	at java.net.URLClassLoader$1.run(URLClassLoader.java:355)
	at java.security.AccessController.doPrivileged(Native Method)
	at java.net.URLClassLoader.findClass(URLClassLoader.java:354)
	at java.lang.ClassLoader.loadClass(ClassLoader.java:423)
	at sun.misc.Launcher$AppClassLoader.loadClass(Launcher.java:308)
	at java.lang.ClassLoader.loadClass(ClassLoader.java:356)
	... 19 more
